生成启动时间为 2018/10/31 21:05:15。
     1>项目“E:\I like study\ruanjianprogram\potato\potato.vcxproj”在节点 2 上(build 个目标)。
     1>InitializeBuildStatus:
         正在对“Release\potato.unsuccessfulbuild”执行 Touch 任务。
       ClCompile:
         所有输出均为最新。
         E:\vscode\VC\bin\CL.exe /c /Zi /nologo /W3 /WX- /O2 /Oi /Oy- /GL /D WIN32 /D NDEBUG /D _CONSOLE /D _UNICODE /D UNICODE /Gm- /EHsc /MD /GS /Gy /fp:precise /Zc:wchar_t /Zc:forScope /Yu"StdAfx.h" /Fp"Release\potato.pch" /Fo"Release\\" /Fd"Release\vc100.pdb" /Gd /TP /analyze- /errorReport:prompt potato.cpp
         potato.cpp
       Link:
         E:\vscode\VC\bin\link.exe /ERRORREPORT:PROMPT /OUT:"E:\I like study\ruanjianprogram\potato\Release\potato.exe" /INCREMENTAL:NO /NOLOGO kernel32.lib user32.lib gdi32.lib winspool.lib comdlg32.lib advapi32.lib shell32.lib ole32.lib oleaut32.lib uuid.lib odbc32.lib odbccp32.lib /MANIFEST /ManifestFile:"Release\potato.exe.intermediate.manifest" /MANIFESTUAC:"level='asInvoker' uiAccess='false'" /DEBUG /PDB:"E:\I like study\ruanjianprogram\potato\Release\potato.pdb" /SUBSYSTEM:CONSOLE /OPT:REF /OPT:ICF /LTCG /TLBID:1 /DYNAMICBASE /NXCOMPAT /IMPLIB:"E:\I like study\ruanjianprogram\potato\Release\potato.lib" /MACHINE:X86 Release\potato.obj
         Release\stdafx.obj
            正在创建库 E:\I like study\ruanjianprogram\potato\Release\potato.lib 和对象 E:\I like study\ruanjianprogram\potato\Release\potato.exp
         正在生成代码
         已完成代码的生成
         potato.vcxproj -> E:\I like study\ruanjianprogram\potato\Release\potato.exe
       Manifest:
         C:\Program Files (x86)\Microsoft SDKs\Windows\v7.0A\bin\mt.exe /nologo /verbose /outputresource:"E:\I like study\ruanjianprogram\potato\Release\potato.exe;#1" /manifest Release\potato.exe.intermediate.manifest
       FinalizeBuildStatus:
         正在删除文件“Release\potato.unsuccessfulbuild”。
         正在对“Release\potato.lastbuildstate”执行 Touch 任务。
     1>已完成生成项目“E:\I like study\ruanjianprogram\potato\potato.vcxproj”(build 个目标)的操作。

生成成功。

已用时间 00:00:01.69
